2016-03-22 20:27:02 DEBUG (7): u:1;a:insert;l:product;o:1;
2016-03-22 20:27:24 DEBUG (7): u:1;a:insert;l:product;o:2;
2016-03-23 07:06:15 DEBUG (7): u:1;a:insert;l:product;o:1;
2016-03-23 09:05:41 DEBUG (7): u:1;a:insert;l:product;o:2;
2016-03-23 09:05:58 DEBUG (7): u:1;a:insert;l:product;o:3;
2016-03-23 09:10:59 DEBUG (7): u:1;a:insert;l:product;o:3;
2016-03-23 11:50:15 DEBUG (7): u:1;a:insert;l:product;o:3;
2016-03-23 11:50:18 DEBUG (7): u:1;a:activate;l:product;o:3;
2016-03-23 11:50:41 DEBUG (7): u:1;a:activate;l:product;o:3;
2016-03-23 11:50:58 DEBUG (7): u:1;a:delete;l:product;o:3;
2016-03-25 11:07:52 DEBUG (7): u:1;a:insert;l:product;o:1;
2016-03-27 11:54:30 DEBUG (7): u:1;a:insert;l:shopping;o:1;
2016-03-27 12:07:44 DEBUG (7): u:1;a:insert;l:shopping;o:1;
2016-03-27 12:21:20 DEBUG (7): u:1;a:insert;l:shopping;o:1;
2016-03-27 12:22:18 DEBUG (7): u:1;a:insert;l:shopping;o:2;
2016-03-27 12:23:03 DEBUG (7): u:1;a:insert;l:shopping;o:3;
2016-03-27 13:12:34 DEBUG (7): u:1;a:insert;l:product;o:2;
2016-03-30 20:57:38 DEBUG (7): u:1;a:delete;l:shopping-itens;o:1---1;
2016-03-30 20:57:57 DEBUG (7): u:1;a:delete;l:shopping-itens;o:1---2;
2016-04-08 20:23:22 DEBUG (7): u:1;a:insert;l:shopping-itens;o:1;
2016-04-08 20:28:34 DEBUG (7): u:1;a:insert;l:shopping-itens;o:1;
2016-04-08 20:28:58 DEBUG (7): u:1;a:insert;l:shopping-itens;o:1;
2016-04-08 20:29:23 DEBUG (7): u:1;a:insert;l:shopping-itens;o:1;
2016-04-19 10:07:42 DEBUG (7): u:1;a:delete;l:product;o:157;
2016-04-19 10:07:46 DEBUG (7): u:1;a:delete;l:product;o:196;
2016-04-19 10:07:49 DEBUG (7): u:1;a:delete;l:product;o:186;
2016-04-19 10:07:51 DEBUG (7): u:1;a:delete;l:product;o:193;
2016-04-19 10:07:54 DEBUG (7): u:1;a:delete;l:product;o:135;
2016-04-19 10:07:57 DEBUG (7): u:1;a:delete;l:product;o:158;
2016-04-19 10:07:59 DEBUG (7): u:1;a:delete;l:product;o:163;
2016-04-19 10:09:01 DEBUG (7): u:1;a:delete;l:product;o:199;
2016-04-19 10:09:09 DEBUG (7): u:1;a:delete;l:product;o:103;
2016-04-19 10:09:22 DEBUG (7): u:1;a:delete;l:product;o:166;
2016-04-19 10:09:32 DEBUG (7): u:1;a:insert;l:product;o:4;
2016-04-19 10:09:44 DEBUG (7): u:1;a:delete;l:product;o:104;
2016-04-19 10:10:17 DEBUG (7): u:1;a:delete;l:product;o:190;
2016-04-19 10:10:53 DEBUG (7): u:1;a:delete;l:product;o:151;
2016-04-19 10:11:14 DEBUG (7): u:1;a:delete;l:product;o:153;
2016-04-19 10:11:24 DEBUG (7): u:1;a:delete;l:product;o:107;
2016-04-19 10:11:56 DEBUG (7): u:1;a:delete;l:product;o:53;
2016-04-19 10:12:43 DEBUG (7): u:1;a:delete;l:product;o:93;
2016-04-19 10:13:11 DEBUG (7): u:1;a:insert;l:product;o:65;
2016-04-19 10:13:18 DEBUG (7): u:1;a:delete;l:product;o:85;
2016-04-19 10:13:40 DEBUG (7): u:1;a:delete;l:product;o:148;
2016-04-19 10:13:55 DEBUG (7): u:1;a:delete;l:product;o:156;
2016-04-19 10:17:07 DEBUG (7): u:1;a:insert;l:product;o:19;
2016-04-19 10:17:41 DEBUG (7): u:1;a:delete;l:product;o:109;
2016-04-19 10:18:02 DEBUG (7): u:1;a:delete;l:product;o:67;
2016-04-19 10:18:15 DEBUG (7): u:1;a:delete;l:product;o:111;
2016-04-19 10:19:09 DEBUG (7): u:1;a:delete;l:product;o:167;
2016-04-19 10:19:33 DEBUG (7): u:1;a:delete;l:product;o:206;
2016-04-19 10:19:55 DEBUG (7): u:1;a:delete;l:product;o:207;
2016-04-19 10:20:17 DEBUG (7): u:1;a:delete;l:product;o:172;
2016-04-19 10:21:09 DEBUG (7): u:1;a:delete;l:product;o:71;
2016-04-19 10:21:29 DEBUG (7): u:1;a:delete;l:product;o:90;
2016-04-19 10:21:42 DEBUG (7): u:1;a:insert;l:product;o:29;
2016-04-19 10:22:19 DEBUG (7): u:1;a:delete;l:product;o:98;
2016-07-15 09:41:21 DEBUG (7): u:1;a:delete;l:product;o:1;
2016-07-15 09:42:04 DEBUG (7): u:1;a:delete;l:product;o:1;
2016-07-15 09:45:10 DEBUG (7): u:1;a:delete;l:product;o:1;
2016-07-15 09:45:21 DEBUG (7): u:1;a:delete;l:product;o:2;
2016-07-15 09:45:32 DEBUG (7): u:1;a:delete;l:product;o:255;
2016-07-15 09:45:44 DEBUG (7): u:1;a:delete;l:product;o:4;
2016-07-15 09:46:00 DEBUG (7): u:1;a:delete;l:product;o:242;
2016-07-15 09:46:12 DEBUG (7): u:1;a:delete;l:product;o:104;
2016-07-15 09:46:16 DEBUG (7): u:1;a:delete;l:product;o:260;
2016-07-15 09:46:21 DEBUG (7): u:1;a:delete;l:product;o:190;
2016-07-15 09:49:17 DEBUG (7): u:1;a:delete;l:product;o:271;
2016-07-15 09:49:37 DEBUG (7): u:1;a:delete;l:product;o:298;
2016-07-15 09:50:09 DEBUG (7): u:1;a:delete;l:product;o:357;
2016-07-15 09:51:04 DEBUG (7): u:1;a:delete;l:product;o:151;
2016-07-15 09:51:31 DEBUG (7): u:1;a:delete;l:product;o:320;
2016-07-15 09:51:42 DEBUG (7): u:1;a:delete;l:product;o:368;
2016-08-10 08:12:22 DEBUG (7): u:1;a:insert;l:shopping;o:1;
2016-08-10 08:15:22 DEBUG (7): u:1;a:insert;l:shopping-itens;o:1;
2016-08-10 08:22:34 DEBUG (7): u:1;a:insert;l:shopping-itens;o:1;
2016-08-10 13:18:03 DEBUG (7): u:1;a:insert;l:product;o:384;
2016-08-10 13:24:56 DEBUG (7): u:1;a:insert;l:product;o:385;
2016-08-11 10:20:15 DEBUG (7): u:1;a:insert;l:product;o:389;
2016-08-11 12:45:45 DEBUG (7): u:1;a:insert;l:product;o:393;
2016-08-11 12:49:44 DEBUG (7): u:1;a:insert;l:product;o:394;
